<?xml version="1.0" encoding="UTF-8"?>
<!-- Generated by org.testng.reporters.JUnitReportReporter -->
<testsuite hostname="ELW10087" failures="0" tests="1" name="testngexamples.Webtable" time="0.943" errors="0" timestamp="26 Sep 2022 14:19:51 GMT" skipped="0">
  <testcase classname="testngexamples.Webtable" name="f" time="0.943"/>
</testsuite> <!-- testngexamples.Webtable -->
