<?xml version="1.0" encoding="UTF-8"?>
<!-- Generated by org.testng.reporters.JUnitReportReporter -->
<testsuite hostname="ELW10087" failures="0" tests="1" name="testngexamples.HRMForgetPass" time="7.267" errors="0" timestamp="27 Sep 2022 12:18:52 GMT" skipped="0">
  <testcase classname="testngexamples.HRMForgetPass" name="forgetpass" time="7.267"/>
</testsuite> <!-- testngexamples.HRMForgetPass -->
