<?xml version="1.0" encoding="UTF-8"?>
<!-- Generated by org.testng.reporters.JUnitReportReporter -->
<testsuite hostname="ELW10087" failures="0" tests="1" name="testngexamples.FacebooksignUp" time="3.396" errors="0" timestamp="26 Sep 2022 14:10:25 GMT" skipped="0">
  <testcase classname="testngexamples.FacebooksignUp" name="facebook" time="3.396"/>
</testsuite> <!-- testngexamples.FacebooksignUp -->
