<?xml version="1.0" encoding="UTF-8"?>
<!-- Generated by org.testng.reporters.JUnitReportReporter -->
<testsuite hostname="ELW10087" failures="0" tests="1" name="testngexamples.HRMForgetPass" time="17.797" errors="0" timestamp="26 Sep 2022 14:16:49 GMT" skipped="0">
  <testcase classname="testngexamples.HRMForgetPass" name="f" time="17.797"/>
</testsuite> <!-- testngexamples.HRMForgetPass -->
