<?xml version="1.0" encoding="UTF-8"?>
<!-- Generated by org.testng.reporters.JUnitReportReporter -->
<testsuite hostname="ELW10087" failures="0" tests="7" name="testngexamples.AllSeleniumCodes" time="31.415" errors="0" timestamp="26 Sep 2022 14:54:43 GMT" skipped="0">
  <testcase classname="testngexamples.AllSeleniumCodes" name="facebook" time="3.201"/>
  <testcase classname="testngexamples.AllSeleniumCodes" name="forgetpass" time="4.806"/>
  <testcase classname="testngexamples.AllSeleniumCodes" name="webtable" time="0.809"/>
  <testcase classname="testngexamples.AllSeleniumCodes" name="hrmleave" time="9.091"/>
  <testcase classname="testngexamples.AllSeleniumCodes" name="firefox" time="4.171"/>
  <testcase classname="testngexamples.AllSeleniumCodes" name="tabledetails" time="6.518"/>
  <testcase classname="testngexamples.AllSeleniumCodes" name="excelsheet" time="2.819"/>
</testsuite> <!-- testngexamples.AllSeleniumCodes -->
