<?xml version="1.0" encoding="UTF-8"?>
<!-- Generated by org.testng.reporters.JUnitReportReporter -->
<testsuite hostname="ELW10087" failures="0" tests="2" name="testngexamples.LoginHRM" time="9.254" errors="0" timestamp="26 Sep 2022 11:54:46 GMT" skipped="0">
  <testcase classname="testngexamples.LoginHRM" name="logout" time="3.920"/>
  <testcase classname="testngexamples.LoginHRM" name="login" time="5.334"/>
</testsuite> <!-- testngexamples.LoginHRM -->
