<?xml version="1.0" encoding="UTF-8"?>
<!-- Generated by org.testng.reporters.JUnitReportReporter -->
<testsuite hostname="ELW10087" failures="0" tests="2" name="testngexamples.NewTest" time="0.004" errors="0" timestamp="26 Sep 2022 10:58:13 GMT" skipped="0">
  <testcase classname="testngexamples.NewTest" name="testCase1" time="0.003"/>
  <testcase classname="testngexamples.NewTest" name="testCase2" time="0.001"/>
</testsuite> <!-- testngexamples.NewTest -->
