<?xml version="1.0" encoding="UTF-8"?>
<!-- Generated by org.testng.reporters.JUnitReportReporter -->
<testsuite hostname="ELW10087" failures="0" tests="1" name="testngexamples.ExcelReadData" time="2.346" errors="0" timestamp="26 Sep 2022 14:18:47 GMT" skipped="0">
  <testcase classname="testngexamples.ExcelReadData" name="f" time="2.346"/>
</testsuite> <!-- testngexamples.ExcelReadData -->
