<?xml version="1.0" encoding="UTF-8"?>
<!-- Generated by org.testng.reporters.JUnitReportReporter -->
<testsuite hostname="ELW10087" failures="0" tests="1" name="testngexamples.HRMLeave" time="21.375" errors="0" timestamp="26 Sep 2022 14:15:26 GMT" skipped="0">
  <testcase classname="testngexamples.HRMLeave" name="f" time="21.375"/>
</testsuite> <!-- testngexamples.HRMLeave -->
