<?xml version="1.0" encoding="UTF-8"?>
<!-- Generated by org.testng.reporters.JUnitReportReporter -->
<testsuite hostname="ELW10087" failures="0" tests="1" name="testngexamples.Firefoxopen" time="2.591" errors="0" timestamp="27 Sep 2022 12:34:31 GMT" skipped="0">
  <testcase classname="testngexamples.Firefoxopen" name="firefox" time="2.591"/>
</testsuite> <!-- testngexamples.Firefoxopen -->
