<?xml version="1.0" encoding="UTF-8"?>
<!-- Generated by org.testng.reporters.JUnitReportReporter -->
<testsuite hostname="ELW10087" failures="0" tests="2" name="testngexamples.LoginHRM" time="8.738" errors="0" timestamp="27 Sep 2022 12:34:31 GMT" skipped="0">
  <testcase classname="testngexamples.LoginHRM" name="login" time="5.069"/>
  <testcase classname="testngexamples.LoginHRM" name="logout" time="3.669"/>
</testsuite> <!-- testngexamples.LoginHRM -->
