<?xml version="1.0" encoding="UTF-8"?>
<!-- Generated by org.testng.reporters.JUnitReportReporter -->
<testsuite hostname="ELW10087" failures="0" tests="1" name="testngexamples.Firefoxopen" time="3.224" errors="0" timestamp="26 Sep 2022 14:11:45 GMT" skipped="0">
  <testcase classname="testngexamples.Firefoxopen" name="firefox" time="3.224"/>
</testsuite> <!-- testngexamples.Firefoxopen -->
