<?xml version="1.0" encoding="UTF-8"?>
<!-- Generated by org.testng.reporters.JUnitReportReporter -->
<testsuite hostname="ELW10087" failures="0" tests="1" name="testngexamples.GetTabledetails" time="1.863" errors="0" timestamp="26 Sep 2022 14:14:01 GMT" skipped="0">
  <testcase classname="testngexamples.GetTabledetails" name="f" time="1.863"/>
</testsuite> <!-- testngexamples.GetTabledetails -->
